CVEND
CVFL 50
CVFL 53
CVFL 535
CVFR 50
CVSL 50
CVSR 50
DCAUTO
ECOAUTO
ECOOFF
MSM CH IN+DSUR
MUOFF
MUON
MV285
MVMAX 715
MVMAX 98
OPCLA 00022220000000000000000000000000
OPINFASP 22002200000000000000000000000000
OPSTS 0000000000000200000000200020
OPVSEAUX1 ON
OPVSEBD OFF
OPVSEDVD OFF
OPVSEGAME ON
OPVSEMPLAY ON
OPVSESAT/CBL OFF
OPVSETV OFF
PSBAS 50
PSCINEMA EQ.OFF
PSCINEMA EQ.ON
PSCLV 50
PSDRC OFF
PSDYNEQ OFF
PSDYNEQ ON
PSDYNVOL LIT
PSDYNVOL MED
PSDYNVOL OFF
PSFRONT SPA
PSLFE 00
PSMULTEQ:AUDYSSEY
PSTONE CTRL OFF
PSTRE 50
PWON
SIMPLAY
SLPOFF
SSAST NON
SSAUDSTS 1102122011000000
SSECOSTS 13
SSFRSDST SPA
SSINFAISFSV 48K
SSLEVC 50
SSPAAMOD ZO2
SSSDPSTS 02202000000000000000000000000000
SSSMG MOV
SSSMG MUS
SSSMG PUR
SSSPCCEN NON
SSSPCFRD NON
SSSPCFRH NON
SSSPCFRO LAR
SSSPCSBK 2SP
SSSPCSBK NON
SSSPCSUA SMA
SSSPCSUD NON
SSSPCSWF NO
SSSPCTFR NON
SSSPCTPM NON
SVOFF
SYSDA Dolby Audio - DD
Z2ON
